<?xml version="1.0" encoding="UTF-8"?>
<!-- Generated by org.testng.reporters.JUnitXMLReporter -->
<testsuite ignored="0" hostname="DESKTOP-IOTR1HB" failures="0" tests="1" name="Test-Runner-2" time="62.289" errors="0" timestamp="2023-12-24T10:26:09 IST">
  <testcase classname="contactTests.CreateContactWithOrganizationTest" name="createContactWithOrgTest" time="36.436"/>
</testsuite> <!-- Test-Runner-2 -->
