<?xml version="1.0" encoding="UTF-8"?>
<!-- Generated by org.testng.reporters.JUnitXMLReporter -->
<testsuite ignored="0" hostname="DESKTOP-IOTR1HB" failures="0" tests="1" name="Test-Runner-Edge" time="29.229" errors="0" timestamp="2023-12-27T10:24:33 IST">
  <testcase classname="contactTests.CreateContact" name="createcontact" time="16.454"/>
</testsuite> <!-- Test-Runner-Edge -->
