<?xml version="1.0" encoding="UTF-8"?>
<!-- Generated by org.testng.reporters.JUnitXMLReporter -->
<testsuite ignored="0" hostname="DESKTOP-IOTR1HB" failures="0" tests="1" name="Test-Runner-1" time="48.116" errors="0" timestamp="2023-12-24T10:25:55 IST">
  <testcase classname="contactTests.CreateContact" name="createcontact" time="22.99"/>
</testsuite> <!-- Test-Runner-1 -->
