<?xml version="1.0" encoding="UTF-8"?>
<!-- Generated by org.testng.reporters.JUnitReportReporter -->
<testsuite hostname="DESKTOP-IOTR1HB" failures="0" tests="1" name="contactTests.CreateContactWithOrganizationTest" time="64.088" errors="0" timestamp="2024-01-05T10:37:52 IST" skipped="0">
  <testcase classname="contactTests.CreateContactWithOrganizationTest" name="createContactWithOrgTest" time="64.088"/>
  <system-out>
    <![CDATA[clicked on contact link 
clicked on create contact lookup image 
contact created successfully  
Header captured]]>
  </system-out>
</testsuite> <!-- contactTests.CreateContactWithOrganizationTest -->
