<?xml version="1.0" encoding="UTF-8"?>
<!-- Generated by org.testng.reporters.JUnitReportReporter -->
<testsuite hostname="DESKTOP-IOTR1HB" failures="0" tests="2" name="contactTests.CreateContact" time="32.250" errors="0" timestamp="2024-01-05T10:57:00 IST" skipped="0">
  <testcase classname="contactTests.CreateContact" name="createcontact" time="23.419">
    <system-out>
      <![CDATA[clicked on contact link 
clicked on create contact lookup image 
contact created successfully  
Header captured
Header Validated ]]>
    </system-out>
  </testcase> <!-- createcontact -->
  <testcase classname="contactTests.CreateContact" name="demo" time="8.831"/>
  <system-out>
    <![CDATA[clicked on contact link 
clicked on create contact lookup image 
contact created successfully  
Header captured
Header Validated ]]>
  </system-out>
</testsuite> <!-- contactTests.CreateContact -->
