<?xml version="1.0" encoding="UTF-8"?>
<!-- Generated by org.testng.reporters.JUnitReportReporter -->
<testsuite hostname="DESKTOP-IOTR1HB" failures="0" tests="3" name="practice.DataProviderPractice" time="0.034" errors="0" timestamp="2023-12-22T12:00:42 IST" skipped="0">
  <testcase classname="practice.DataProviderPractice" name="addProductToCart" time="0.003"/>
  <testcase classname="practice.DataProviderPractice" name="addProductToCart" time="0.003"/>
  <testcase classname="practice.DataProviderPractice" name="addProductToCart" time="0.028"/>
</testsuite> <!-- practice.DataProviderPractice -->
