<?xml version="1.0" encoding="UTF-8"?>
<!-- Generated by org.testng.reporters.JUnitReportReporter -->
<testsuite hostname="DESKTOP-IOTR1HB" failures="0" tests="1" name="practice.ReadDataFRomCmdLine" time="0.019" errors="0" timestamp="2024-01-06T12:32:13 IST" skipped="0">
  <testcase classname="practice.ReadDataFRomCmdLine" name="read" time="0.019"/>
</testsuite> <!-- practice.ReadDataFRomCmdLine -->
