<?xml version="1.0" encoding="UTF-8"?>
<!-- Generated by org.testng.reporters.JUnitReportReporter -->
<testsuite hostname="DESKTOP-IOTR1HB" failures="0" tests="5" name="practice.TestNGParctice" time="0.042" errors="0" timestamp="2024-01-10T10:13:56 IST" skipped="1">
  <testcase classname="practice.TestNGParctice" name="deleteCustomer" time="0.029"/>
  <testcase classname="practice.TestNGParctice" name="updateCustomer" time="0.008"/>
  <testcase classname="practice.TestNGParctice" name="createCustomer" time="0.002"/>
  <testcase classname="practice.TestNGParctice" name="createCustomer" time="0.003"/>
  <testcase classname="practice.TestNGParctice" name="modifyCustomer">
    <skipped/>
  </testcase> <!-- modifyCustomer -->
</testsuite> <!-- practice.TestNGParctice -->
