<?xml version="1.0" encoding="UTF-8"?>
<!-- Generated by org.testng.reporters.JUnitReportReporter -->
<testsuite hostname="DESKTOP-IOTR1HB" failures="0" tests="2" name="contactTests.CreateContactTest" time="32.365" errors="0" timestamp="2024-01-06T13:10:12 IST" skipped="0">
  <testcase classname="contactTests.CreateContactTest" name="demo" time="6.800"/>
  <testcase classname="contactTests.CreateContactTest" name="createcontact" time="25.565">
    <system-out>
      <![CDATA[clicked on contact link 
clicked on create contact lookup image 
contact created successfully  
Header captured
Header Validated ]]>
    </system-out>
  </testcase> <!-- createcontact -->
  <system-out>
    <![CDATA[clicked on contact link 
clicked on create contact lookup image 
contact created successfully  
Header captured
Header Validated ]]>
  </system-out>
</testsuite> <!-- contactTests.CreateContactTest -->
